mode: set
github.com/MrAndiw/instagram-go-scraper/example/gallery/gallery.go:18.13,36.16 7 0
github.com/MrAndiw/instagram-go-scraper/example/gallery/gallery.go:36.16,38.3 1 0
github.com/MrAndiw/instagram-go-scraper/example/gallery/gallery.go:41.2,41.31 1 0
github.com/MrAndiw/instagram-go-scraper/example/gallery/gallery.go:41.31,43.3 1 0
github.com/MrAndiw/instagram-go-scraper/instagram/helper.go:10.61,12.21 2 1
github.com/MrAndiw/instagram-go-scraper/instagram/helper.go:12.21,14.3 1 1
github.com/MrAndiw/instagram-go-scraper/instagram/helper.go:16.2,17.16 2 1
github.com/MrAndiw/instagram-go-scraper/instagram/helper.go:17.16,19.3 1 1
github.com/MrAndiw/instagram-go-scraper/instagram/helper.go:21.2,22.16 2 1
github.com/MrAndiw/instagram-go-scraper/instagram/helper.go:22.16,24.3 1 0
github.com/MrAndiw/instagram-go-scraper/instagram/helper.go:26.2,27.16 2 1
github.com/MrAndiw/instagram-go-scraper/instagram/helper.go:27.16,29.3 1 0
github.com/MrAndiw/instagram-go-scraper/instagram/helper.go:31.2,31.87 1 1
github.com/MrAndiw/instagram-go-scraper/instagram/helper.go:35.44,38.39 3 1
github.com/MrAndiw/instagram-go-scraper/instagram/helper.go:38.39,41.17 3 1
github.com/MrAndiw/instagram-go-scraper/instagram/helper.go:41.17,43.4 1 0
github.com/MrAndiw/instagram-go-scraper/instagram/helper.go:44.3,44.32 1 1
github.com/MrAndiw/instagram-go-scraper/instagram/helper.go:46.2,46.39 1 1
github.com/MrAndiw/instagram-go-scraper/instagram/helper.go:46.39,49.17 3 1
github.com/MrAndiw/instagram-go-scraper/instagram/helper.go:49.17,51.4 1 0
github.com/MrAndiw/instagram-go-scraper/instagram/helper.go:52.3,52.35 1 1
github.com/MrAndiw/instagram-go-scraper/instagram/helper.go:54.2,54.32 1 1
github.com/MrAndiw/instagram-go-scraper/instagram/instagram.go:43.55,47.2 1 1
github.com/MrAndiw/instagram-go-scraper/instagram/instagram.go:49.30,56.2 2 1
github.com/MrAndiw/instagram-go-scraper/instagram/instagram.go:58.55,62.16 3 1
github.com/MrAndiw/instagram-go-scraper/instagram/instagram.go:62.16,64.3 1 0
github.com/MrAndiw/instagram-go-scraper/instagram/instagram.go:67.50,70.76 1 1
github.com/MrAndiw/instagram-go-scraper/instagram/instagram.go:70.76,75.3 2 1
github.com/MrAndiw/instagram-go-scraper/instagram/instagram.go:78.43,81.76 1 1
github.com/MrAndiw/instagram-go-scraper/instagram/instagram.go:81.76,86.16 3 1
github.com/MrAndiw/instagram-go-scraper/instagram/instagram.go:86.16,90.4 2 1
github.com/MrAndiw/instagram-go-scraper/instagram/instagram.go:90.9,92.4 1 0
github.com/MrAndiw/instagram-go-scraper/instagram/instagram.go:96.41,99.75 1 1
github.com/MrAndiw/instagram-go-scraper/instagram/instagram.go:99.75,108.21 5 1
github.com/MrAndiw/instagram-go-scraper/instagram/instagram.go:108.21,110.4 1 1
github.com/MrAndiw/instagram-go-scraper/instagram/instagram.go:112.3,113.16 2 1
github.com/MrAndiw/instagram-go-scraper/instagram/instagram.go:113.16,118.18 3 1
github.com/MrAndiw/instagram-go-scraper/instagram/instagram.go:118.18,120.5 1 0
github.com/MrAndiw/instagram-go-scraper/instagram/instagram.go:123.4,126.51 4 1
github.com/MrAndiw/instagram-go-scraper/instagram/instagram.go:127.9,132.4 4 0
github.com/MrAndiw/instagram-go-scraper/instagram/instagram.go:137.77,149.54 4 1
github.com/MrAndiw/instagram-go-scraper/instagram/instagram.go:149.54,151.3 1 0
github.com/MrAndiw/instagram-go-scraper/instagram/instagram.go:154.2,165.16 3 1
github.com/MrAndiw/instagram-go-scraper/example/profile/instagram.go:9.13,22.2 9 0
