mode: set
github.com/MrAndiw/instagram-go-scraper/instagram/helper.go:10.61,12.21 2 1
github.com/MrAndiw/instagram-go-scraper/instagram/helper.go:12.21,14.3 1 1
github.com/MrAndiw/instagram-go-scraper/instagram/helper.go:16.2,17.16 2 1
github.com/MrAndiw/instagram-go-scraper/instagram/helper.go:17.16,19.3 1 1
github.com/MrAndiw/instagram-go-scraper/instagram/helper.go:21.2,22.16 2 1
github.com/MrAndiw/instagram-go-scraper/instagram/helper.go:22.16,24.3 1 1
github.com/MrAndiw/instagram-go-scraper/instagram/helper.go:26.2,27.16 2 1
github.com/MrAndiw/instagram-go-scraper/instagram/helper.go:27.16,29.3 1 1
github.com/MrAndiw/instagram-go-scraper/instagram/helper.go:31.2,31.87 1 1
github.com/MrAndiw/instagram-go-scraper/instagram/helper.go:35.44,38.39 3 1
github.com/MrAndiw/instagram-go-scraper/instagram/helper.go:38.39,41.17 3 1
github.com/MrAndiw/instagram-go-scraper/instagram/helper.go:41.17,43.4 1 0
github.com/MrAndiw/instagram-go-scraper/instagram/helper.go:44.3,44.32 1 1
github.com/MrAndiw/instagram-go-scraper/instagram/helper.go:46.2,46.39 1 1
github.com/MrAndiw/instagram-go-scraper/instagram/helper.go:46.39,49.17 3 1
github.com/MrAndiw/instagram-go-scraper/instagram/helper.go:49.17,51.4 1 0
github.com/MrAndiw/instagram-go-scraper/instagram/helper.go:52.3,52.35 1 1
github.com/MrAndiw/instagram-go-scraper/instagram/helper.go:54.2,54.32 1 1
github.com/MrAndiw/instagram-go-scraper/instagram/instagram.go:42.55,46.2 1 1
github.com/MrAndiw/instagram-go-scraper/instagram/instagram.go:48.30,55.2 2 1
github.com/MrAndiw/instagram-go-scraper/instagram/instagram.go:57.55,61.2 2 1
github.com/MrAndiw/instagram-go-scraper/instagram/instagram.go:63.50,66.76 1 1
github.com/MrAndiw/instagram-go-scraper/instagram/instagram.go:66.76,71.3 2 1
github.com/MrAndiw/instagram-go-scraper/instagram/instagram.go:74.43,77.76 1 1
github.com/MrAndiw/instagram-go-scraper/instagram/instagram.go:77.76,84.16 4 1
github.com/MrAndiw/instagram-go-scraper/instagram/instagram.go:84.16,88.4 2 1
github.com/MrAndiw/instagram-go-scraper/instagram/instagram.go:92.41,95.75 1 1
github.com/MrAndiw/instagram-go-scraper/instagram/instagram.go:95.75,104.21 5 1
github.com/MrAndiw/instagram-go-scraper/instagram/instagram.go:104.21,106.4 1 1
github.com/MrAndiw/instagram-go-scraper/instagram/instagram.go:108.3,114.16 6 1
github.com/MrAndiw/instagram-go-scraper/instagram/instagram.go:114.16,125.4 6 1
github.com/MrAndiw/instagram-go-scraper/instagram/instagram.go:130.77,154.2 6 1
github.com/MrAndiw/instagram-go-scraper/example/profile/instagram.go:9.26,22.2 9 0
